

Microchip Technology PIC18 LITE Macro Assembler V1.36 build -262312587 
                                                                                               Fri Feb 12 22:05:47 2016

Microchip Technology Omniscient Code Generator v1.36 (Free mode) build 201601150325
     1                           	processor	18F4550
     2                           	fnconf	rparam,??,?,0
     3                           	opt	pw 120
     4                           	opt	lm
     5                           	psect	cinit,global,reloc=2,class=CODE,delta=1
     6                           	psect	cstackCOMRAM,global,class=COMRAM,space=1,delta=1
     7                           	psect	text0,global,reloc=2,class=CODE,delta=1
     8                           	psect	text1,global,reloc=2,class=CODE,delta=1
     9                           	psect	intsave_regs,global,class=BIGRAM,space=1,delta=1
    10                           	psect	rparam,global,class=COMRAM,space=1,delta=1
    11  0000                     _LATBbits	set	3978
    12  0000                     _TRISB	set	3987
    13                           
    14                           ; #config settings
    15  0000                     
    16                           	psect	cinit
    17  007D68                     __pcinit:
    18                           	opt stack 0
    19  007D68                     start_initialization:
    20                           	opt stack 0
    21  007D68                     __initialization:
    22                           	opt stack 0
    23  007D68                     end_of_initialization:
    24                           	opt stack 0
    25  007D68                     __end_of__initialization:
    26                           	opt stack 0
    27  007D68  0100               	movlb	0
    28  007D6A  EFB7  F03E         	goto	_main	;jump to C main() function
    29                           
    30                           	psect	cstackCOMRAM
    31  000001                     __pcstackCOMRAM:
    32                           	opt stack 0
    33  000001                     delayzz@i:
    34                           	opt stack 0
    35                           
    36                           ; 2 bytes @ 0x0
    37  000001                     	ds	2
    38  000003                     delayzz@j:
    39                           	opt stack 0
    40                           
    41                           ; 2 bytes @ 0x2
    42  000003                     	ds	2
    43  000005                     
    44                           ; 1 bytes @ 0x4
    45 ;;
    46 ;;Main: autosize = 0, tempsize = 0, incstack = 0, save=0
    47 ;;
    48 ;; *************** function _main *****************
    49 ;; Defined at:
    50 ;;		line 24 in file "main.c"
    51 ;; Parameters:    Size  Location     Type
    52 ;;		None
    53 ;; Auto vars:     Size  Location     Type
    54 ;;		None
    55 ;; Return value:  Size  Location     Type
    56 ;;                  1    wreg      void 
    57 ;; Registers used:
    58 ;;		wreg, status,2, status,0, cstack
    59 ;; Tracked objects:
    60 ;;		On entry : 0/0
    61 ;;		On exit  : 0/0
    62 ;;		Unchanged: 0/0
    63 ;; Data sizes:     COMRAM   BANK0   BANK1   BANK2   BANK3   BANK4   BANK5   BANK6   BANK7
    64 ;;      Params:         0       0       0       0       0       0       0       0       0
    65 ;;      Locals:         0       0       0       0       0       0       0       0       0
    66 ;;      Temps:          0       0       0       0       0       0       0       0       0
    67 ;;      Totals:         0       0       0       0       0       0       0       0       0
    68 ;;Total ram usage:        0 bytes
    69 ;; Hardware stack levels required when called:    1
    70 ;; This function calls:
    71 ;;		_delayzz
    72 ;; This function is called by:
    73 ;;		Startup code after reset
    74 ;; This function uses a non-reentrant model
    75 ;;
    76                           
    77                           	psect	text0
    78  007D6E                     __ptext0:
    79                           	opt stack 0
    80  007D6E                     _main:
    81                           	opt stack 30
    82                           
    83                           ;main.c: 26: TRISB = 0 ;
    84                           
    85                           ;incstack = 0
    86  007D6E  0E00               	movlw	0
    87  007D70  6E93               	movwf	3987,c	;volatile
    88  007D72                     l637:
    89                           
    90                           ;main.c: 29: {
    91                           ;main.c: 30: LATBbits.LATB0 = 1;
    92  007D72  808A               	bsf	3978,0,c	;volatile
    93                           
    94                           ;main.c: 31: LATBbits.LATB1 = 1;
    95  007D74  828A               	bsf	3978,1,c	;volatile
    96                           
    97                           ;main.c: 33: delayzz();
    98  007D76  ECC2  F03E         	call	_delayzz	;wreg free
    99                           
   100                           ;main.c: 35: LATBbits.LATB0 = 0;
   101  007D7A  908A               	bcf	3978,0,c	;volatile
   102                           
   103                           ;main.c: 36: LATBbits.LATB1 = 0;
   104  007D7C  928A               	bcf	3978,1,c	;volatile
   105                           
   106                           ;main.c: 38: delayzz();
   107  007D7E  ECC2  F03E         	call	_delayzz	;wreg free
   108  007D82  D7F7               	goto	l637
   109  007D84                     __end_of_main:
   110                           	opt stack 0
   111                           
   112 ;; *************** function _delayzz *****************
   113 ;; Defined at:
   114 ;;		line 14 in file "main.c"
   115 ;; Parameters:    Size  Location     Type
   116 ;;		None
   117 ;; Auto vars:     Size  Location     Type
   118 ;;  j               2    2[COMRAM] int 
   119 ;;  i               2    0[COMRAM] int 
   120 ;; Return value:  Size  Location     Type
   121 ;;                  1    wreg      void 
   122 ;; Registers used:
   123 ;;		wreg, status,2, status,0
   124 ;; Tracked objects:
   125 ;;		On entry : 0/0
   126 ;;		On exit  : 0/0
   127 ;;		Unchanged: 0/0
   128 ;; Data sizes:     COMRAM   BANK0   BANK1   BANK2   BANK3   BANK4   BANK5   BANK6   BANK7
   129 ;;      Params:         0       0       0       0       0       0       0       0       0
   130 ;;      Locals:         4       0       0       0       0       0       0       0       0
   131 ;;      Temps:          0       0       0       0       0       0       0       0       0
   132 ;;      Totals:         4       0       0       0       0       0       0       0       0
   133 ;;Total ram usage:        4 bytes
   134 ;; Hardware stack levels used:    1
   135 ;; This function calls:
   136 ;;		Nothing
   137 ;; This function is called by:
   138 ;;		_main
   139 ;; This function uses a non-reentrant model
   140 ;;
   141                           
   142                           	psect	text1
   143  007D84                     __ptext1:
   144                           	opt stack 0
   145  007D84                     _delayzz:
   146                           	opt stack 30
   147                           
   148                           ;main.c: 16: for(i=0;i<5000;i++)
   149                           
   150                           ;incstack = 0
   151  007D84  0E00               	movlw	0
   152  007D86  6E02               	movwf	delayzz@i+1,c
   153  007D88  0E00               	movlw	0
   154  007D8A  6E01               	movwf	delayzz@i,c
   155  007D8C                     l617:
   156  007D8C  BE02               	btfsc	delayzz@i+1,7,c
   157  007D8E  D006               	goto	l621
   158  007D90  0E88               	movlw	136
   159  007D92  5C01               	subwf	delayzz@i,w,c
   160  007D94  0E13               	movlw	19
   161  007D96  5802               	subwfb	delayzz@i+1,w,c
   162  007D98  B0D8               	btfsc	status,0,c
   163  007D9A  0012               	return	
   164  007D9C                     l621:
   165                           
   166                           ;main.c: 17: {
   167                           ;main.c: 18: for(j=0;j<2;j++)
   168  007D9C  0E00               	movlw	0
   169  007D9E  6E04               	movwf	delayzz@j+1,c
   170  007DA0  0E00               	movlw	0
   171  007DA2  6E03               	movwf	delayzz@j,c
   172  007DA4                     l623:
   173  007DA4  BE04               	btfsc	delayzz@j+1,7,c
   174  007DA6  D006               	goto	l627
   175  007DA8  5004               	movf	delayzz@j+1,w,c
   176  007DAA  E107               	bnz	l631
   177  007DAC  0E02               	movlw	2
   178  007DAE  5C03               	subwf	delayzz@j,w,c
   179  007DB0  B0D8               	btfsc	status,0,c
   180  007DB2  D003               	goto	l631
   181  007DB4                     l627:
   182                           
   183                           ;main.c: 19: { } } }
   184  007DB4  4A03               	infsnz	delayzz@j,f,c
   185  007DB6  2A04               	incf	delayzz@j+1,f,c
   186  007DB8  D7F5               	goto	l623
   187  007DBA                     l631:
   188  007DBA  4A01               	infsnz	delayzz@i,f,c
   189  007DBC  2A02               	incf	delayzz@i+1,f,c
   190  007DBE  D7E6               	goto	l617
   191  007DC0                     __end_of_delayzz:
   192                           	opt stack 0
   193  0000                     status	equ	0xFD8
   194                           status	equ	0xFD8
   195                           
   196                           	psect	rparam
   197  0000                     status	equ	0xFD8


Data Sizes:
    Strings     0
    Constant    0
    Data        0
    BSS         0
    Persistent  0
    Stack       0

Auto Spaces:
    Space          Size  Autos    Used
    COMRAM           95      4       4
    BANK0           160      0       0
    BANK1           256      0       0
    BANK2           256      0       0
    BANK3           244      0       0
    BANK4           256      0       0
    BANK5           256      0       0
    BANK6           256      0       0
    BANK7           256      0       0

Pointer List with Targets:

    None.

Critical Paths under _main in COMRAM

    _main->_delayzz

Critical Paths under _main in BANK0

    None.

Critical Paths under _main in BANK1

    None.

Critical Paths under _main in BANK2

    None.

Critical Paths under _main in BANK3

    None.

Critical Paths under _main in BANK4

    None.

Critical Paths under _main in BANK5

    None.

Critical Paths under _main in BANK6

    None.

Critical Paths under _main in BANK7

    None.

Call Graph Tables:

 ---------------------------------------------------------------------------------
 (Depth) Function   	        Calls       Base Space   Used Autos Params    Refs
 ---------------------------------------------------------------------------------
 (0) _main                                                 0     0      0      60
                            _delayzz
 ---------------------------------------------------------------------------------
 (1) _delayzz                                              4     4      0      60
                                              0 COMRAM     4     4      0
 ---------------------------------------------------------------------------------
 Estimated maximum stack depth 1
 ---------------------------------------------------------------------------------

 Call Graph Graphs:

 _main (ROOT)
   _delayzz

 Address spaces:
Name               Size   Autos  Total    Cost      Usage
BITCOMRAM           5F      0       0       0        0.0%
EEDATA             100      0       0       0        0.0%
NULL                 0      0       0       0        0.0%
CODE                 0      0       0       0        0.0%
COMRAM              5F      4       4       1        4.2%
STACK                0      0       0       2        0.0%
ABS                  0      0       0       3        0.0%
DATA                 0      0       0       4        0.0%
BITBANK0            A0      0       0       5        0.0%
BANK0               A0      0       0       6        0.0%
BITBANK1           100      0       0       7        0.0%
BANK1              100      0       0       8        0.0%
BITBANK2           100      0       0       9        0.0%
BANK2              100      0       0      10        0.0%
BITBANK3            F4      0       0      11        0.0%
BANK3               F4      0       0      12        0.0%
BITBANK4           100      0       0      13        0.0%
BANK4              100      0       0      14        0.0%
BITBANK5           100      0       0      15        0.0%
BANK5              100      0       0      16        0.0%
BITBANK6           100      0       0      17        0.0%
BANK6              100      0       0      18        0.0%
BITBANK7           100      0       0      19        0.0%
BANK7              100      0       0      20        0.0%
BIGRAM_1           400      0       0      21        0.0%
BIGRAM             3F3      0       0      22        0.0%
BITSFR_4             0      0       0      40        0.0%
SFR_4                0      0       0      40        0.0%
BITSFR_3             0      0       0      40        0.0%
SFR_3                0      0       0      40        0.0%
BITSFR_2             0      0       0      40        0.0%
SFR_2                0      0       0      40        0.0%
BITSFR_1             0      0       0      40        0.0%
SFR_1                0      0       0      40        0.0%
BITSFR               0      0       0      40        0.0%
SFR                  0      0       0      40        0.0%


Microchip Technology PIC18 Macro Assembler V1.36 build -262312587 
Symbol Table                                                                                   Fri Feb 12 22:05:47 2016

                    l621 7D9C                      l631 7DBA                      l623 7DA4  
                    l617 7D8C                      l627 7DB4                      l637 7D72  
                   _main 7D6E                     start 0002             ___param_bank 000010  
          __CFG_PLLDIV$5 000000                    ?_main 0001            __CFG_USBDIV$2 000000  
                  _TRISB 000F93          __end_of_delayzz 7DC0                    status 000FD8  
        __initialization 7D68             __end_of_main 7D84                   ??_main 0005  
          __activetblptr 000000                ??_delayzz 0001               __accesstop 0060  
__end_of__initialization 7D68            ___rparam_used 000001           __pcstackCOMRAM 0001  
                __Hparam 0000                  __Lparam 0000                  __pcinit 7D68  
                __ramtop 0800                  _delayzz 7D84                  __ptext0 7D6E  
                __ptext1 7D84     end_of_initialization 7D68      start_initialization 7D68  
               ?_delayzz 0001                 _LATBbits 000F8A                 __Hrparam 0000  
               __Lrparam 0000         __size_of_delayzz 003C            __size_of_main 0016  
               delayzz@i 0001                 delayzz@j 0003    __CFG_CPUDIV$OSC1_PLL2 000000  
